<?xml version="1.0" encoding="UTF-8"?>
<!-- Generated by org.testng.reporters.JUnitReportReporter -->
<testsuite hostname="LAPTOP-P92KHMHN" failures="0" tests="1" name="test.SigTes" time="2.318" errors="0" timestamp="2024-07-26T16:18:18 IST" skipped="0">
  <testcase classname="test.SigTes" name="SignupT" time="2.318"/>
  <system-out/>
</testsuite> <!-- test.SigTes -->
